<?xml version="1.0" encoding="UTF-8"?>
<testsuite xmlns:xsi="http://www.w3.org/2001/XMLSchema-instance" xsi:noNamespaceSchemaLocation="https://maven.apache.org/surefire/maven-surefire-plugin/xsd/surefire-test-report-3.0.xsd" version="3.0" name="com.example.petstore.PetStoreApiTests" time="4.646" tests="4" errors="0" skipped="0" failures="0">
  <properties>
[...]
</properties>
  <testcase name="getPet_Nonexistent_NotFound" classname="com.example.petstore.PetStoreApiTests" time="1.751"/>
  <testcase name="findPetsByStatus_Pending" classname="com.example.petstore.PetStoreApiTests" time="0.686"/>
  <testcase name="updatePet_Success" classname="com.example.petstore.PetStoreApiTests" time="1.309"/>
  <testcase name="createOrder_Success" classname="com.example.petstore.PetStoreApiTests" time="0.647"/>
</testsuite>